<?xml version="1.0" encoding="UTF-8"?>
<!-- Generated by org.testng.reporters.JUnitXMLReporter -->
<testsuite ignored="0" hostname="DESKTOP-BD6HH3L" failures="1" tests="39" name="Command line test" time="973.503" errors="0" timestamp="2021-11-10T14:51:28 IST">
  <testcase classname="com.mystore.qa.testcases.AddressPageTest" name="AddressPageTitleTest" time="0.009"/>
  <testcase classname="com.mystore.qa.testcases.AddressPageTest" name="AddressPageValidateTest" time="0.051"/>
  <testcase classname="com.mystore.qa.testcases.AddressPageTest" name="ProceedToCheckoutTest" time="1.562"/>
  <testcase classname="com.mystore.qa.testcases.ConfirmationPageTest" name="ConfirmationPageTitleTest" time="0.004"/>
  <testcase classname="com.mystore.qa.testcases.ConfirmationPageTest" name="ConfirmationPageValidateTest" time="0.06"/>
  <testcase classname="com.mystore.qa.testcases.ConfirmationPageTest" name="BackToOrderHistoryTest" time="2.549"/>
  <testcase classname="com.mystore.qa.testcases.HomePageTest" name="HomePageTitleTest" time="0.006"/>
  <testcase classname="com.mystore.qa.testcases.HomePageTest" name="HomePageUserNameTest" time="0.033"/>
  <testcase classname="com.mystore.qa.testcases.HomePageTest" name="directToWomenDressPageTest" time="2.754"/>
  <testcase classname="com.mystore.qa.testcases.LandingPageTest" name="loginPageTitleTest" time="0.007"/>
  <testcase classname="com.mystore.qa.testcases.LandingPageTest" name="directToLoginPageTest" time="1.943"/>
  <testcase classname="com.mystore.qa.testcases.LoginPageTest" name="loginPageTitleTest" time="0.009"/>
  <testcase classname="com.mystore.qa.testcases.LoginPageTest" name="loginPagelogoTest" time="0.05"/>
  <testcase classname="com.mystore.qa.testcases.LoginPageTest" name="loginTest" time="2.278"/>
  <testcase classname="com.mystore.qa.testcases.OrderHistoryPageTest" name="OrderHistoryPageTitleTest" time="0.005"/>
  <testcase classname="com.mystore.qa.testcases.OrderHistoryPageTest" name="OrderHistoryPageValidateTest" time="0.031"/>
  <testcase classname="com.mystore.qa.testcases.OrderHistoryPageTest" name="CheckTheDateOfOrderTest" time="0.026"/>
  <testcase classname="com.mystore.qa.testcases.OrderHistoryPageTest" name="DownLoadInvoiceTest" time="10.199">
    <failure type="org.openqa.selenium.ElementNotInteractableException" message="element not interactable
  (Session info: chrome=95.0.4638.69)
Build info: version: &amp;apos;3.141.59&amp;apos;, revision: &amp;apos;e82be7d358&amp;apos;, time: &amp;apos;2018-11-14T08:17:03&amp;apos;
System info: host: &amp;apos;DESKTOP-BD6HH3L&amp;apos;, ip: &amp;apos;192.168.1.6&amp;apos;, os.name: &amp;apos;Windows 10&amp;apos;, os.arch: &amp;apos;amd64&amp;apos;, os.version: &amp;apos;10.0&amp;apos;, java.version: &amp;apos;11.0.11&amp;apos;
Driver info: org.openqa.selenium.chrome.ChromeDriver
Capabilities {acceptInsecureCerts: false, browserName: chrome, browserVersion: 95.0.4638.69, chrome: {chromedriverVersion: 95.0.4638.17 (a9d0719444d4b..., userDataDir: C:\WINDOWS\TEMP\scoped_dir1...}, goog:chromeOptions: {debuggerAddress: localhost:18498}, javascriptEnabled: true, networkConnectionEnabled: false, pageLoadStrategy: normal, platform: WINDOWS, platformName: WINDOWS, proxy: Proxy(), setWindowRect: true, strictFileInteractability: false, timeouts: {implicit: 0, pageLoad: 300000, script: 30000}, unhandledPromptBehavior: dismiss and notify, webauthn:extension:credBlob: true, webauthn:extension:largeBlob: true, webauthn:virtualAuthenticators: true}
Session ID: 584801e0c5b2a30e07790f8d11a1ce19">
      <![CDATA[org.openqa.selenium.ElementNotInteractableException: element not interactable
  (Session info: chrome=95.0.4638.69)
Build info: version: '3.141.59', revision: 'e82be7d358', time: '2018-11-14T08:17:03'
System info: host: 'DESKTOP-BD6HH3L', ip: '192.168.1.6', os.name: 'Windows 10', os.arch: 'amd64', os.version: '10.0', java.version: '11.0.11'
Driver info: org.openqa.selenium.chrome.ChromeDriver
Capabilities {acceptInsecureCerts: false, browserName: chrome, browserVersion: 95.0.4638.69, chrome: {chromedriverVersion: 95.0.4638.17 (a9d0719444d4b..., userDataDir: C:\WINDOWS\TEMP\scoped_dir1...}, goog:chromeOptions: {debuggerAddress: localhost:18498}, javascriptEnabled: true, networkConnectionEnabled: false, pageLoadStrategy: normal, platform: WINDOWS, platformName: WINDOWS, proxy: Proxy(), setWindowRect: true, strictFileInteractability: false, timeouts: {implicit: 0, pageLoad: 300000, script: 30000}, unhandledPromptBehavior: dismiss and notify, webauthn:extension:credBlob: true, webauthn:extension:largeBlob: true, webauthn:virtualAuthenticators: true}
Session ID: 584801e0c5b2a30e07790f8d11a1ce19
at org.openqa.selenium.remote.http.W3CHttpResponseCodec.createException(W3CHttpResponseCodec.java:187)
at org.openqa.selenium.remote.http.W3CHttpResponseCodec.decode(W3CHttpResponseCodec.java:122)
at org.openqa.selenium.remote.http.W3CHttpResponseCodec.decode(W3CHttpResponseCodec.java:49)
at org.openqa.selenium.remote.HttpCommandExecutor.execute(HttpCommandExecutor.java:158)
at org.openqa.selenium.remote.service.DriverCommandExecutor.execute(DriverCommandExecutor.java:83)
at org.openqa.selenium.remote.RemoteWebDriver.execute(RemoteWebDriver.java:552)
at org.openqa.selenium.remote.RemoteWebElement.execute(RemoteWebElement.java:285)
at org.openqa.selenium.remote.RemoteWebElement.click(RemoteWebElement.java:84)
at org.openqa.selenium.support.events.EventFiringWebDriver$EventFiringWebElement.lambda$new$0(EventFiringWebDriver.java:404)
at com.sun.proxy.$Proxy14.click(Unknown Source)
at org.openqa.selenium.support.events.EventFiringWebDriver$EventFiringWebElement.click(EventFiringWebDriver.java:417)
at org.openqa.selenium.support.pagefactory.internal.LocatingElementHandler.invoke(LocatingElementHandler.java:51)
at com.sun.proxy.$Proxy13.click(Unknown Source)
at com.mystore.qa.pages.OrderHistoryPage.clickOnFirstOrder(OrderHistoryPage.java:47)
at com.mystore.qa.testcases.OrderHistoryPageTest.DownLoadInvoiceTest(OrderHistoryPageTest.java:84)
at java.base/java.util.ArrayList.forEach(ArrayList.java:1541)
... Removed 47 stack frames]]>
    </failure>
  </testcase> <!-- DownLoadInvoiceTest -->
  <testcase classname="com.mystore.qa.testcases.OrderSummaryPageTest" name="OrderSummaryPageTitleTest" time="0.015"/>
  <testcase classname="com.mystore.qa.testcases.OrderSummaryPageTest" name="OrderSummaryPageValidateTest" time="0.038"/>
  <testcase classname="com.mystore.qa.testcases.OrderSummaryPageTest" name="CheckOrderSummaryPageValidateTest" time="0.034"/>
  <testcase classname="com.mystore.qa.testcases.OrderSummaryPageTest" name="OrderProceedToCheckoutTest" time="2.757"/>
  <testcase classname="com.mystore.qa.testcases.PaymentPageTest" name="PaymentPageTitleTest" time="0.006"/>
  <testcase classname="com.mystore.qa.testcases.PaymentPageTest" name="PaymentPageValidateTest" time="0.055"/>
  <testcase classname="com.mystore.qa.testcases.PaymentPageTest" name="ProceedToCheckoutTest" time="1.734"/>
  <testcase classname="com.mystore.qa.testcases.PrintedDressPageTest" name="PrinteDressPageTitleTest" time="0.004"/>
  <testcase classname="com.mystore.qa.testcases.PrintedDressPageTest" name="PrintedDressPageValidateTest" time="0.039"/>
  <testcase classname="com.mystore.qa.testcases.PrintedDressPageTest" name="AddItemAndProceedToCheckoutTest" time="3.308"/>
  <testcase classname="com.mystore.qa.testcases.ShippingPageTest" name="ShippingPageTitleTest" time="0.007"/>
  <testcase classname="com.mystore.qa.testcases.ShippingPageTest" name="ShippingPageValidateTest" time="0.034"/>
  <testcase classname="com.mystore.qa.testcases.ShippingPageTest" name="ProceedToCheckoutTest" time="1.653"/>
  <testcase classname="com.mystore.qa.testcases.ShoppingCartSummaryPageTest" name="PrinteDressPageTitleTest" time="0.003"/>
  <testcase classname="com.mystore.qa.testcases.ShoppingCartSummaryPageTest" name="PrintedDressPageValidateTest" time="0.043"/>
  <testcase classname="com.mystore.qa.testcases.ShoppingCartSummaryPageTest" name="TwoProductsTest" time="0.054"/>
  <testcase classname="com.mystore.qa.testcases.ShoppingCartSummaryPageTest" name="ExactTwoProductsTest" time="0.063"/>
  <testcase classname="com.mystore.qa.testcases.ShoppingCartSummaryPageTest" name="ProceedToCheckoutTest" time="2.265"/>
  <testcase classname="com.mystore.qa.testcases.WomenDressPageTest" name="WomenDressPageTitleTest" time="0.002"/>
  <testcase classname="com.mystore.qa.testcases.WomenDressPageTest" name="WomenDressPageValidateTest" time="0.052"/>
  <testcase classname="com.mystore.qa.testcases.WomenDressPageTest" name="addOneItemAndViewOneItemTest" time="4.053"/>
</testsuite> <!-- Command line test -->
