<html>
<head>
<title>TestNG:  Command line test</title>
<link href="../testng.css" rel="stylesheet" type="text/css" />
<link href="../my-testng.css" rel="stylesheet" type="text/css" />

<style type="text/css">
.log { display: none;} 
.stack-trace { display: none;} 
</style>
<script type="text/javascript">
<!--
function flip(e) {
  current = e.style.display;
  if (current == 'block') {
    e.style.display = 'none';
    return 0;
  }
  else {
    e.style.display = 'block';
    return 1;
  }
}

function toggleBox(szDivId, elem, msg1, msg2)
{
  var res = -1;  if (document.getElementById) {
    res = flip(document.getElementById(szDivId));
  }
  else if (document.all) {
    // this is the way old msie versions work
    res = flip(document.all[szDivId]);
  }
  if(elem) {
    if(res == 0) elem.innerHTML = msg1; else elem.innerHTML = msg2;
  }

}

function toggleAllBoxes() {
  if (document.getElementsByTagName) {
    d = document.getElementsByTagName('div');
    for (i = 0; i < d.length; i++) {
      if (d[i].className == 'log') {
        flip(d[i]);
      }
    }
  }
}

// -->
</script>

</head>
<body>
<h2 align='center'>Command line test</h2><table border='1' align="center">
<tr>
<td>Tests passed/Failed/Skipped:</td><td>38/1/0</td>
</tr><tr>
<td>Started on:</td><td>Wed Nov 10 14:35:14 IST 2021</td>
</tr>
<tr><td>Total time:</td><td>973 seconds (973503 ms)</td>
</tr><tr>
<td>Included groups:</td><td></td>
</tr><tr>
<td>Excluded groups:</td><td></td>
</tr>
</table><p/>
<small><i>(Hover the method name to see the test class name)</i></small><p/>
<table width='100%' border='1' class='invocation-failed'>
<tr><td colspan='4' align='center'><b>FAILED TESTS</b></td></tr>
<tr><td><b>Test method</b></td>
<td width="30%"><b>Exception</b></td>
<td width="10%"><b>Time (seconds)</b></td>
<td><b>Instance</b></td>
</tr>
<tr>
<td title='com.mystore.qa.testcases.OrderHistoryPageTest.DownLoadInvoiceTest()'><b>DownLoadInvoiceTest</b><br>Test class: com.mystore.qa.testcases.OrderHistoryPageTest</td>
<td><div><pre>org.openqa.selenium.ElementNotInteractableException: element not interactable
  (Session info: chrome=95.0.4638.69)
Build info: version: &apos;3.141.59&apos;, revision: &apos;e82be7d358&apos;, time: &apos;2018-11-14T08:17:03&apos;
System info: host: &apos;DESKTOP-BD6HH3L&apos;, ip: &apos;192.168.1.6&apos;, os.name: &apos;Windows 10&apos;, os.arch: &apos;amd64&apos;, os.version: &apos;10.0&apos;, java.version: &apos;11.0.11&apos;
Driver info: org.openqa.selenium.chrome.ChromeDriver
Capabilities {acceptInsecureCerts: false, browserName: chrome, browserVersion: 95.0.4638.69, chrome: {chromedriverVersion: 95.0.4638.17 (a9d0719444d4b..., userDataDir: C:\WINDOWS\TEMP\scoped_dir1...}, goog:chromeOptions: {debuggerAddress: localhost:18498}, javascriptEnabled: true, networkConnectionEnabled: false, pageLoadStrategy: normal, platform: WINDOWS, platformName: WINDOWS, proxy: Proxy(), setWindowRect: true, strictFileInteractability: false, timeouts: {implicit: 0, pageLoad: 300000, script: 30000}, unhandledPromptBehavior: dismiss and notify, webauthn:extension:credBlob: true, webauthn:extension:largeBlob: true, webauthn:virtualAuthenticators: true}
Session ID: 584801e0c5b2a30e07790f8d11a1ce19
	at org.openqa.selenium.remote.http.W3CHttpResponseCodec.createException(W3CHttpResponseCodec.java:187)
	at org.openqa.selenium.remote.http.W3CHttpResponseCodec.decode(W3CHttpResponseCodec.java:122)
	at org.openqa.selenium.remote.http.W3CHttpResponseCodec.decode(W3CHttpResponseCodec.java:49)
	at org.openqa.selenium.remote.HttpCommandExecutor.execute(HttpCommandExecutor.java:158)
	at org.openqa.selenium.remote.service.DriverCommandExecutor.execute(DriverCommandExecutor.java:83)
	at org.openqa.selenium.remote.RemoteWebDriver.execute(RemoteWebDriver.java:552)
	at org.openqa.selenium.remote.RemoteWebElement.execute(RemoteWebElement.java:285)
	at org.openqa.selenium.remote.RemoteWebElement.click(RemoteWebElement.java:84)
	at org.openqa.selenium.support.events.EventFiringWebDriver$EventFiringWebElement.lambda$new$0(EventFiringWebDriver.java:404)
	at com.sun.proxy.$Proxy14.click(Unknown Source)
	at org.openqa.selenium.support.events.EventFiringWebDriver$EventFiringWebElement.click(EventFiringWebDriver.java:417)
	at org.openqa.selenium.support.pagefactory.internal.LocatingElementHandler.invoke(LocatingElementHandler.java:51)
	at com.sun.proxy.$Proxy13.click(Unknown Source)
	at com.mystore.qa.pages.OrderHistoryPage.clickOnFirstOrder(OrderHistoryPage.java:47)
	at com.mystore.qa.testcases.OrderHistoryPageTest.DownLoadInvoiceTest(OrderHistoryPageTest.java:84)
	at java.base/java.util.ArrayList.forEach(ArrayList.java:1541)
... Removed 47 stack frames</pre></div><a href='#' onClick='toggleBox("stack-trace321080009", this, "Click to show all stack frames", "Click to hide stack frames")'>Click to show all stack frames</a>
<div class='stack-trace' id='stack-trace321080009'><pre>org.openqa.selenium.ElementNotInteractableException: element not interactable
  (Session info: chrome=95.0.4638.69)
Build info: version: &apos;3.141.59&apos;, revision: &apos;e82be7d358&apos;, time: &apos;2018-11-14T08:17:03&apos;
System info: host: &apos;DESKTOP-BD6HH3L&apos;, ip: &apos;192.168.1.6&apos;, os.name: &apos;Windows 10&apos;, os.arch: &apos;amd64&apos;, os.version: &apos;10.0&apos;, java.version: &apos;11.0.11&apos;
Driver info: org.openqa.selenium.chrome.ChromeDriver
Capabilities {acceptInsecureCerts: false, browserName: chrome, browserVersion: 95.0.4638.69, chrome: {chromedriverVersion: 95.0.4638.17 (a9d0719444d4b..., userDataDir: C:\WINDOWS\TEMP\scoped_dir1...}, goog:chromeOptions: {debuggerAddress: localhost:18498}, javascriptEnabled: true, networkConnectionEnabled: false, pageLoadStrategy: normal, platform: WINDOWS, platformName: WINDOWS, proxy: Proxy(), setWindowRect: true, strictFileInteractability: false, timeouts: {implicit: 0, pageLoad: 300000, script: 30000}, unhandledPromptBehavior: dismiss and notify, webauthn:extension:credBlob: true, webauthn:extension:largeBlob: true, webauthn:virtualAuthenticators: true}
Session ID: 584801e0c5b2a30e07790f8d11a1ce19
	at java.base/jdk.internal.reflect.NativeConstructorAccessorImpl.newInstance0(Native Method)
	at java.base/jdk.internal.reflect.NativeConstructorAccessorImpl.newInstance(NativeConstructorAccessorImpl.java:62)
	at java.base/jdk.internal.reflect.DelegatingConstructorAccessorImpl.newInstance(DelegatingConstructorAccessorImpl.java:45)
	at java.base/java.lang.reflect.Constructor.newInstance(Constructor.java:490)
	at org.openqa.selenium.remote.http.W3CHttpResponseCodec.createException(W3CHttpResponseCodec.java:187)
	at org.openqa.selenium.remote.http.W3CHttpResponseCodec.decode(W3CHttpResponseCodec.java:122)
	at org.openqa.selenium.remote.http.W3CHttpResponseCodec.decode(W3CHttpResponseCodec.java:49)
	at org.openqa.selenium.remote.HttpCommandExecutor.execute(HttpCommandExecutor.java:158)
	at org.openqa.selenium.remote.service.DriverCommandExecutor.execute(DriverCommandExecutor.java:83)
	at org.openqa.selenium.remote.RemoteWebDriver.execute(RemoteWebDriver.java:552)
	at org.openqa.selenium.remote.RemoteWebElement.execute(RemoteWebElement.java:285)
	at org.openqa.selenium.remote.RemoteWebElement.click(RemoteWebElement.java:84)
	at jdk.internal.reflect.GeneratedMethodAccessor2.invoke(Unknown Source)
	at java.base/jdk.internal.reflect.DelegatingMethodAccessorImpl.invoke(DelegatingMethodAccessorImpl.java:43)
	at java.base/java.lang.reflect.Method.invoke(Method.java:566)
	at org.openqa.selenium.support.events.EventFiringWebDriver$EventFiringWebElement.lambda$new$0(EventFiringWebDriver.java:404)
	at com.sun.proxy.$Proxy14.click(Unknown Source)
	at org.openqa.selenium.support.events.EventFiringWebDriver$EventFiringWebElement.click(EventFiringWebDriver.java:417)
	at jdk.internal.reflect.GeneratedMethodAccessor2.invoke(Unknown Source)
	at java.base/jdk.internal.reflect.DelegatingMethodAccessorImpl.invoke(DelegatingMethodAccessorImpl.java:43)
	at java.base/java.lang.reflect.Method.invoke(Method.java:566)
	at org.openqa.selenium.support.pagefactory.internal.LocatingElementHandler.invoke(LocatingElementHandler.java:51)
	at com.sun.proxy.$Proxy13.click(Unknown Source)
	at com.mystore.qa.pages.OrderHistoryPage.clickOnFirstOrder(OrderHistoryPage.java:47)
	at com.mystore.qa.testcases.OrderHistoryPageTest.DownLoadInvoiceTest(OrderHistoryPageTest.java:84)
	at java.base/jdk.internal.reflect.NativeMethodAccessorImpl.invoke0(Native Method)
	at java.base/jdk.internal.reflect.NativeMethodAccessorImpl.invoke(NativeMethodAccessorImpl.java:62)
	at java.base/jdk.internal.reflect.DelegatingMethodAccessorImpl.invoke(DelegatingMethodAccessorImpl.java:43)
	at java.base/java.lang.reflect.Method.invoke(Method.java:566)
	at org.testng.internal.MethodInvocationHelper.invokeMethod(MethodInvocationHelper.java:133)
	at org.testng.internal.TestInvoker.invokeMethod(TestInvoker.java:598)
	at org.testng.internal.TestInvoker.invokeTestMethod(TestInvoker.java:173)
	at org.testng.internal.MethodRunner.runInSequence(MethodRunner.java:46)
	at org.testng.internal.TestInvoker$MethodInvocationAgent.invoke(TestInvoker.java:824)
	at org.testng.internal.TestInvoker.invokeTestMethods(TestInvoker.java:146)
	at org.testng.internal.TestMethodWorker.invokeTestMethods(TestMethodWorker.java:146)
	at org.testng.internal.TestMethodWorker.run(TestMethodWorker.java:128)
	at java.base/java.util.ArrayList.forEach(ArrayList.java:1541)
	at org.testng.TestRunner.privateRun(TestRunner.java:794)
	at org.testng.TestRunner.run(TestRunner.java:596)
	at org.testng.SuiteRunner.runTest(SuiteRunner.java:377)
	at org.testng.SuiteRunner.runSequentially(SuiteRunner.java:371)
	at org.testng.SuiteRunner.privateRun(SuiteRunner.java:332)
	at org.testng.SuiteRunner.run(SuiteRunner.java:276)
	at org.testng.SuiteRunnerWorker.runSuite(SuiteRunnerWorker.java:53)
	at org.testng.SuiteRunnerWorker.run(SuiteRunnerWorker.java:96)
	at org.testng.TestNG.runSuitesSequentially(TestNG.java:1212)
	at org.testng.TestNG.runSuitesLocally(TestNG.java:1134)
	at org.testng.TestNG.runSuites(TestNG.java:1063)
	at org.testng.TestNG.run(TestNG.java:1031)
	at org.apache.maven.surefire.testng.TestNGExecutor.run(TestNGExecutor.java:77)
	at org.apache.maven.surefire.testng.TestNGDirectoryTestSuite.executeMulti(TestNGDirectoryTestSuite.java:159)
	at org.apache.maven.surefire.testng.TestNGDirectoryTestSuite.execute(TestNGDirectoryTestSuite.java:99)
	at org.apache.maven.surefire.testng.TestNGProvider.invoke(TestNGProvider.java:106)
	at java.base/jdk.internal.reflect.NativeMethodAccessorImpl.invoke0(Native Method)
	at java.base/jdk.internal.reflect.NativeMethodAccessorImpl.invoke(NativeMethodAccessorImpl.java:62)
	at java.base/jdk.internal.reflect.DelegatingMethodAccessorImpl.invoke(DelegatingMethodAccessorImpl.java:43)
	at java.base/java.lang.reflect.Method.invoke(Method.java:566)
	at org.apache.maven.surefire.util.ReflectionUtils.invokeMethodWithArray(ReflectionUtils.java:189)
	at org.apache.maven.surefire.booter.ProviderFactory$ProviderProxy.invoke(ProviderFactory.java:165)
	at org.apache.maven.surefire.booter.ProviderFactory.invokeProvider(ProviderFactory.java:85)
	at org.apache.maven.surefire.booter.ForkedBooter.runSuitesInProcess(ForkedBooter.java:115)
	at org.apache.maven.surefire.booter.ForkedBooter.main(ForkedBooter.java:75)
</pre></div></td>
<td>10</td>
<td>com.mystore.qa.testcases.OrderHistoryPageTest@550ee7e5</td></tr>
</table><p>
<table width='100%' border='1' class='invocation-passed'>
<tr><td colspan='4' align='center'><b>PASSED TESTS</b></td></tr>
<tr><td><b>Test method</b></td>
<td width="30%"><b>Exception</b></td>
<td width="10%"><b>Time (seconds)</b></td>
<td><b>Instance</b></td>
</tr>
<tr>
<td title='com.mystore.qa.testcases.HomePageTest.directToWomenDressPageTest()'><b>directToWomenDressPageTest</b><br>Test class: com.mystore.qa.testcases.HomePageTest</td>
<td></td>
<td>2</td>
<td>com.mystore.qa.testcases.HomePageTest@682b2fa</td></tr>
<tr>
<td title='com.mystore.qa.testcases.ConfirmationPageTest.ConfirmationPageTitleTest()'><b>ConfirmationPageTitleTest</b><br>Test class: com.mystore.qa.testcases.ConfirmationPageTest</td>
<td></td>
<td>0</td>
<td>com.mystore.qa.testcases.ConfirmationPageTest@6989da5e</td></tr>
<tr>
<td title='com.mystore.qa.testcases.OrderHistoryPageTest.OrderHistoryPageTitleTest()'><b>OrderHistoryPageTitleTest</b><br>Test class: com.mystore.qa.testcases.OrderHistoryPageTest</td>
<td></td>
<td>0</td>
<td>com.mystore.qa.testcases.OrderHistoryPageTest@550ee7e5</td></tr>
<tr>
<td title='com.mystore.qa.testcases.ShoppingCartSummaryPageTest.TwoProductsTest()'><b>TwoProductsTest</b><br>Test class: com.mystore.qa.testcases.ShoppingCartSummaryPageTest</td>
<td></td>
<td>0</td>
<td>com.mystore.qa.testcases.ShoppingCartSummaryPageTest@6c130c45</td></tr>
<tr>
<td title='com.mystore.qa.testcases.ShoppingCartSummaryPageTest.PrintedDressPageValidateTest()'><b>PrintedDressPageValidateTest</b><br>Test class: com.mystore.qa.testcases.ShoppingCartSummaryPageTest</td>
<td></td>
<td>0</td>
<td>com.mystore.qa.testcases.ShoppingCartSummaryPageTest@6c130c45</td></tr>
<tr>
<td title='com.mystore.qa.testcases.AddressPageTest.AddressPageTitleTest()'><b>AddressPageTitleTest</b><br>Test class: com.mystore.qa.testcases.AddressPageTest</td>
<td></td>
<td>0</td>
<td>com.mystore.qa.testcases.AddressPageTest@78691363</td></tr>
<tr>
<td title='com.mystore.qa.testcases.LoginPageTest.loginPageTitleTest()'><b>loginPageTitleTest</b><br>Test class: com.mystore.qa.testcases.LoginPageTest</td>
<td></td>
<td>0</td>
<td>com.mystore.qa.testcases.LoginPageTest@15bbf42f</td></tr>
<tr>
<td title='com.mystore.qa.testcases.WomenDressPageTest.WomenDressPageTitleTest()'><b>WomenDressPageTitleTest</b><br>Test class: com.mystore.qa.testcases.WomenDressPageTest</td>
<td></td>
<td>0</td>
<td>com.mystore.qa.testcases.WomenDressPageTest@50ad3bc1</td></tr>
<tr>
<td title='com.mystore.qa.testcases.LoginPageTest.loginTest()'><b>loginTest</b><br>Test class: com.mystore.qa.testcases.LoginPageTest</td>
<td></td>
<td>2</td>
<td>com.mystore.qa.testcases.LoginPageTest@15bbf42f</td></tr>
<tr>
<td title='com.mystore.qa.testcases.ShippingPageTest.ShippingPageValidateTest()'><b>ShippingPageValidateTest</b><br>Test class: com.mystore.qa.testcases.ShippingPageTest</td>
<td></td>
<td>0</td>
<td>com.mystore.qa.testcases.ShippingPageTest@6a84a97d</td></tr>
<tr>
<td title='com.mystore.qa.testcases.HomePageTest.HomePageUserNameTest()'><b>HomePageUserNameTest</b><br>Test class: com.mystore.qa.testcases.HomePageTest</td>
<td></td>
<td>0</td>
<td>com.mystore.qa.testcases.HomePageTest@682b2fa</td></tr>
<tr>
<td title='com.mystore.qa.testcases.WomenDressPageTest.addOneItemAndViewOneItemTest()'><b>addOneItemAndViewOneItemTest</b><br>Test class: com.mystore.qa.testcases.WomenDressPageTest</td>
<td></td>
<td>4</td>
<td>com.mystore.qa.testcases.WomenDressPageTest@50ad3bc1</td></tr>
<tr>
<td title='com.mystore.qa.testcases.OrderSummaryPageTest.OrderProceedToCheckoutTest()'><b>OrderProceedToCheckoutTest</b><br>Test class: com.mystore.qa.testcases.OrderSummaryPageTest</td>
<td></td>
<td>2</td>
<td>com.mystore.qa.testcases.OrderSummaryPageTest@5f9b2141</td></tr>
<tr>
<td title='com.mystore.qa.testcases.PrintedDressPageTest.PrinteDressPageTitleTest()'><b>PrinteDressPageTitleTest</b><br>Test class: com.mystore.qa.testcases.PrintedDressPageTest</td>
<td></td>
<td>0</td>
<td>com.mystore.qa.testcases.PrintedDressPageTest@48974e45</td></tr>
<tr>
<td title='com.mystore.qa.testcases.ShoppingCartSummaryPageTest.ExactTwoProductsTest()'><b>ExactTwoProductsTest</b><br>Test class: com.mystore.qa.testcases.ShoppingCartSummaryPageTest</td>
<td></td>
<td>0</td>
<td>com.mystore.qa.testcases.ShoppingCartSummaryPageTest@6c130c45</td></tr>
<tr>
<td title='com.mystore.qa.testcases.LandingPageTest.directToLoginPageTest()'><b>directToLoginPageTest</b><br>Test class: com.mystore.qa.testcases.LandingPageTest</td>
<td></td>
<td>1</td>
<td>com.mystore.qa.testcases.LandingPageTest@2dde1bff</td></tr>
<tr>
<td title='com.mystore.qa.testcases.ShippingPageTest.ShippingPageTitleTest()'><b>ShippingPageTitleTest</b><br>Test class: com.mystore.qa.testcases.ShippingPageTest</td>
<td></td>
<td>0</td>
<td>com.mystore.qa.testcases.ShippingPageTest@6a84a97d</td></tr>
<tr>
<td title='com.mystore.qa.testcases.LoginPageTest.loginPagelogoTest()'><b>loginPagelogoTest</b><br>Test class: com.mystore.qa.testcases.LoginPageTest</td>
<td></td>
<td>0</td>
<td>com.mystore.qa.testcases.LoginPageTest@15bbf42f</td></tr>
<tr>
<td title='com.mystore.qa.testcases.AddressPageTest.AddressPageValidateTest()'><b>AddressPageValidateTest</b><br>Test class: com.mystore.qa.testcases.AddressPageTest</td>
<td></td>
<td>0</td>
<td>com.mystore.qa.testcases.AddressPageTest@78691363</td></tr>
<tr>
<td title='com.mystore.qa.testcases.ShippingPageTest.ProceedToCheckoutTest()'><b>ProceedToCheckoutTest</b><br>Test class: com.mystore.qa.testcases.ShippingPageTest</td>
<td></td>
<td>1</td>
<td>com.mystore.qa.testcases.ShippingPageTest@6a84a97d</td></tr>
<tr>
<td title='com.mystore.qa.testcases.ShoppingCartSummaryPageTest.PrinteDressPageTitleTest()'><b>PrinteDressPageTitleTest</b><br>Test class: com.mystore.qa.testcases.ShoppingCartSummaryPageTest</td>
<td></td>
<td>0</td>
<td>com.mystore.qa.testcases.ShoppingCartSummaryPageTest@6c130c45</td></tr>
<tr>
<td title='com.mystore.qa.testcases.OrderHistoryPageTest.CheckTheDateOfOrderTest()'><b>CheckTheDateOfOrderTest</b><br>Test class: com.mystore.qa.testcases.OrderHistoryPageTest</td>
<td></td>
<td>0</td>
<td>com.mystore.qa.testcases.OrderHistoryPageTest@550ee7e5</td></tr>
<tr>
<td title='com.mystore.qa.testcases.ConfirmationPageTest.BackToOrderHistoryTest()'><b>BackToOrderHistoryTest</b><br>Test class: com.mystore.qa.testcases.ConfirmationPageTest</td>
<td></td>
<td>2</td>
<td>com.mystore.qa.testcases.ConfirmationPageTest@6989da5e</td></tr>
<tr>
<td title='com.mystore.qa.testcases.PaymentPageTest.ProceedToCheckoutTest()'><b>ProceedToCheckoutTest</b><br>Test class: com.mystore.qa.testcases.PaymentPageTest</td>
<td></td>
<td>1</td>
<td>com.mystore.qa.testcases.PaymentPageTest@247d8ae</td></tr>
<tr>
<td title='com.mystore.qa.testcases.OrderSummaryPageTest.OrderSummaryPageValidateTest()'><b>OrderSummaryPageValidateTest</b><br>Test class: com.mystore.qa.testcases.OrderSummaryPageTest</td>
<td></td>
<td>0</td>
<td>com.mystore.qa.testcases.OrderSummaryPageTest@5f9b2141</td></tr>
<tr>
<td title='com.mystore.qa.testcases.OrderSummaryPageTest.CheckOrderSummaryPageValidateTest()'><b>CheckOrderSummaryPageValidateTest</b><br>Test class: com.mystore.qa.testcases.OrderSummaryPageTest</td>
<td></td>
<td>0</td>
<td>com.mystore.qa.testcases.OrderSummaryPageTest@5f9b2141</td></tr>
<tr>
<td title='com.mystore.qa.testcases.PrintedDressPageTest.PrintedDressPageValidateTest()'><b>PrintedDressPageValidateTest</b><br>Test class: com.mystore.qa.testcases.PrintedDressPageTest</td>
<td></td>
<td>0</td>
<td>com.mystore.qa.testcases.PrintedDressPageTest@48974e45</td></tr>
<tr>
<td title='com.mystore.qa.testcases.PaymentPageTest.PaymentPageTitleTest()'><b>PaymentPageTitleTest</b><br>Test class: com.mystore.qa.testcases.PaymentPageTest</td>
<td></td>
<td>0</td>
<td>com.mystore.qa.testcases.PaymentPageTest@247d8ae</td></tr>
<tr>
<td title='com.mystore.qa.testcases.OrderSummaryPageTest.OrderSummaryPageTitleTest()'><b>OrderSummaryPageTitleTest</b><br>Test class: com.mystore.qa.testcases.OrderSummaryPageTest</td>
<td></td>
<td>0</td>
<td>com.mystore.qa.testcases.OrderSummaryPageTest@5f9b2141</td></tr>
<tr>
<td title='com.mystore.qa.testcases.PrintedDressPageTest.AddItemAndProceedToCheckoutTest()'><b>AddItemAndProceedToCheckoutTest</b><br>Test class: com.mystore.qa.testcases.PrintedDressPageTest</td>
<td></td>
<td>3</td>
<td>com.mystore.qa.testcases.PrintedDressPageTest@48974e45</td></tr>
<tr>
<td title='com.mystore.qa.testcases.PaymentPageTest.PaymentPageValidateTest()'><b>PaymentPageValidateTest</b><br>Test class: com.mystore.qa.testcases.PaymentPageTest</td>
<td></td>
<td>0</td>
<td>com.mystore.qa.testcases.PaymentPageTest@247d8ae</td></tr>
<tr>
<td title='com.mystore.qa.testcases.WomenDressPageTest.WomenDressPageValidateTest()'><b>WomenDressPageValidateTest</b><br>Test class: com.mystore.qa.testcases.WomenDressPageTest</td>
<td></td>
<td>0</td>
<td>com.mystore.qa.testcases.WomenDressPageTest@50ad3bc1</td></tr>
<tr>
<td title='com.mystore.qa.testcases.OrderHistoryPageTest.OrderHistoryPageValidateTest()'><b>OrderHistoryPageValidateTest</b><br>Test class: com.mystore.qa.testcases.OrderHistoryPageTest</td>
<td></td>
<td>0</td>
<td>com.mystore.qa.testcases.OrderHistoryPageTest@550ee7e5</td></tr>
<tr>
<td title='com.mystore.qa.testcases.ConfirmationPageTest.ConfirmationPageValidateTest()'><b>ConfirmationPageValidateTest</b><br>Test class: com.mystore.qa.testcases.ConfirmationPageTest</td>
<td></td>
<td>0</td>
<td>com.mystore.qa.testcases.ConfirmationPageTest@6989da5e</td></tr>
<tr>
<td title='com.mystore.qa.testcases.HomePageTest.HomePageTitleTest()'><b>HomePageTitleTest</b><br>Test class: com.mystore.qa.testcases.HomePageTest</td>
<td></td>
<td>0</td>
<td>com.mystore.qa.testcases.HomePageTest@682b2fa</td></tr>
<tr>
<td title='com.mystore.qa.testcases.AddressPageTest.ProceedToCheckoutTest()'><b>ProceedToCheckoutTest</b><br>Test class: com.mystore.qa.testcases.AddressPageTest</td>
<td></td>
<td>1</td>
<td>com.mystore.qa.testcases.AddressPageTest@78691363</td></tr>
<tr>
<td title='com.mystore.qa.testcases.ShoppingCartSummaryPageTest.ProceedToCheckoutTest()'><b>ProceedToCheckoutTest</b><br>Test class: com.mystore.qa.testcases.ShoppingCartSummaryPageTest</td>
<td></td>
<td>2</td>
<td>com.mystore.qa.testcases.ShoppingCartSummaryPageTest@6c130c45</td></tr>
<tr>
<td title='com.mystore.qa.testcases.LandingPageTest.loginPageTitleTest()'><b>loginPageTitleTest</b><br>Test class: com.mystore.qa.testcases.LandingPageTest</td>
<td></td>
<td>0</td>
<td>com.mystore.qa.testcases.LandingPageTest@2dde1bff</td></tr>
</table><p>
</body>
</html>